<?xml version="1.0" encoding="UTF-8"?>
<testsuite xmlns:xsi="http://www.w3.org/2001/XMLSchema-instance" xsi:noNamespaceSchemaLocation="https://maven.apache.org/surefire/maven-surefire-plugin/xsd/surefire-test-report.xsd" name="com.xzjy.FocusApplicationTests" time="0.079" tests="4" errors="1" skipped="0" failures="0">
  <properties>
[...]
</properties>
  <testcase name="test01" classname="com.xzjy.FocusApplicationTests" time="0.036">
    <error type="java.lang.NullPointerException">java.lang.NullPointerException
	at com.xzjy.FocusApplicationTests.test01(FocusApplicationTests.java:33)
</error>
  </testcase>
  <testcase name="test02" classname="com.xzjy.FocusApplicationTests" time="0.009"/>
  <testcase name="test03" classname="com.xzjy.FocusApplicationTests" time="0.003"/>
  <testcase name="testN2" classname="com.xzjy.FocusApplicationTests" time="0.001"/>
</testsuite>